<?xml version="1.0" encoding="UTF-8"?>
<!-- Generated by org.testng.reporters.JUnitReportReporter -->
<testsuite skipped="0" hostname="T4ublrlpusr093" name="restAssuredApi.SimpleGetTest" tests="1" failures="0" timestamp="09 Oct 2018 07:44:49 GMT" time="1.801" errors="0">
  <testcase name="GetWeatherDetails" time="1.801" classname="restAssuredApi.SimpleGetTest"/>
</testsuite> <!-- restAssuredApi.SimpleGetTest -->
