<?xml version="1.0" encoding="UTF-8"?>
<!-- Generated by org.testng.reporters.JUnitReportReporter -->
<testsuite skipped="0" hostname="T4ublrlpusr093" name="restAssuredApi.ApiPostTest" tests="15" failures="0" timestamp="16 Nov 2018 11:44:42 GMT" time="47.773" errors="0">
  <testcase name="postTest" time="3.120" classname="restAssuredApi.ApiPostTest"/>
  <testcase name="postTest" time="3.082" classname="restAssuredApi.ApiPostTest"/>
  <testcase name="postTest" time="3.084" classname="restAssuredApi.ApiPostTest"/>
  <testcase name="postTest" time="3.109" classname="restAssuredApi.ApiPostTest"/>
  <testcase name="postTest" time="3.083" classname="restAssuredApi.ApiPostTest"/>
  <testcase name="postTest" time="3.103" classname="restAssuredApi.ApiPostTest"/>
  <testcase name="postTest" time="3.102" classname="restAssuredApi.ApiPostTest"/>
  <testcase name="postTest" time="3.144" classname="restAssuredApi.ApiPostTest"/>
  <testcase name="postTest" time="4.265" classname="restAssuredApi.ApiPostTest"/>
  <testcase name="postTest" time="3.162" classname="restAssuredApi.ApiPostTest"/>
  <testcase name="postTest" time="3.090" classname="restAssuredApi.ApiPostTest"/>
  <testcase name="postTest" time="3.085" classname="restAssuredApi.ApiPostTest"/>
  <testcase name="postTest" time="3.110" classname="restAssuredApi.ApiPostTest"/>
  <testcase name="postTest" time="3.134" classname="restAssuredApi.ApiPostTest"/>
  <testcase name="postTest" time="3.100" classname="restAssuredApi.ApiPostTest"/>
</testsuite> <!-- restAssuredApi.ApiPostTest -->
